<?xml version="1.0" encoding="UTF-8"?>
<testng-results skipped="0" failed="0" total="1" passed="1">
  <reporter-output>
  </reporter-output>
  <suite name="Default suite" duration-ms="1689" started-at="2016-11-29T11:54:52Z" finished-at="2016-11-29T11:54:53Z">
    <groups>
    </groups>
    <test name="Default test" duration-ms="1689" started-at="2016-11-29T11:54:52Z" finished-at="2016-11-29T11:54:53Z">
      <class name="TestPOM">
        <test-method status="PASS" signature="SetUp()[pri:0, instance:TestPOM@68b4bc8e]" name="SetUp" is-config="true" duration-ms="5943" started-at="2016-11-29T17:24:46Z" finished-at="2016-11-29T17:24:52Z">
          <reporter-output>
          </reporter-output>
        </test-method> <!-- SetUp -->
        <test-method status="PASS" signature="callingMethods()[pri:0, instance:TestPOM@68b4bc8e]" name="callingMethods" duration-ms="1678" started-at="2016-11-29T17:24:52Z" finished-at="2016-11-29T17:24:53Z">
          <reporter-output>
          </reporter-output>
        </test-method> <!-- callingMethods -->
      </class> <!-- TestPOM -->
    </test> <!-- Default test -->
  </suite> <!-- Default suite -->
</testng-results>
